<?xml version="1.0" encoding="UTF-8"?>
<!-- Generated by org.testng.reporters.JUnitReportReporter -->
<testsuite skipped="0" hostname="DESKTOP-5GI3OCP" name="com.tests.HomePageTest" tests="2" failures="0" timestamp="02 Feb 2022 03:31:54 GMT" time="7.619" errors="0">
  <testcase name="verifyAboutLinkTest" time="4.338" classname="com.tests.HomePageTest"/>
  <testcase name="verifyHomePageTitleTest" time="3.281" classname="com.tests.HomePageTest"/>
</testsuite> <!-- com.tests.HomePageTest -->
